<?xml version="1.0" encoding="UTF-8"?>
<!-- Generated by org.testng.reporters.JUnitReportReporter -->
<testsuite hostname="LAPTOP-4I52GP61" failures="0" tests="1" name="testjava.Testclass" time="0.009" errors="0" timestamp="2025-01-10T13:21:58 IST" skipped="0">
  <testcase classname="testjava.Testclass" name="a" time="0.009"/>
  <system-out/>
</testsuite> <!-- testjava.Testclass -->
